<?xml version="1.0" encoding="UTF-8"?>
<!-- Generated by org.testng.reporters.JUnitReportReporter -->
<testsuite hostname="Ivankas-MacBook-Pro.local" failures="0" tests="3" name="com.class01.TestNGDemo" time="0.009" errors="0" timestamp="2020-01-11T13:07:48 CST" skipped="0">
  <testcase classname="com.class01.TestNGDemo" name="pass" time="0.007"/>
  <testcase classname="com.class01.TestNGDemo" name="testOne" time="0.001"/>
  <testcase classname="com.class01.TestNGDemo" name="secondTest" time="0.001"/>
</testsuite> <!-- com.class01.TestNGDemo -->
