<?xml version="1.0" encoding="UTF-8"?>
<!-- Generated by org.testng.reporters.JUnitReportReporter -->
<testsuite hostname="Ivankas-MacBook-Pro.local" failures="0" tests="1" name="com.class01.DifferentAnnotations" time="0.004" errors="0" timestamp="2020-01-11T13:21:55 CST" skipped="0">
  <testcase classname="com.class01.DifferentAnnotations" name="test" time="0.004"/>
</testsuite> <!-- com.class01.DifferentAnnotations -->
