<?xml version="1.0" encoding="UTF-8"?>
<!-- Generated by org.testng.reporters.JUnitReportReporter -->
<testsuite hostname="Ivankas-MacBook-Pro.local" failures="0" tests="3" name="com.class04.ListenersDemo" time="0.001" errors="0" timestamp="2020-01-16T20:24:59 CST" skipped="0">
  <testcase classname="com.class04.ListenersDemo" name="test1" time="0.000"/>
  <testcase classname="com.class04.ListenersDemo" name="test2" time="0.001"/>
  <testcase classname="com.class04.ListenersDemo" name="test3" time="0.000"/>
</testsuite> <!-- com.class04.ListenersDemo -->
