<?xml version="1.0" encoding="UTF-8"?>
<!-- Generated by org.testng.reporters.JUnitReportReporter -->
<testsuite hostname="Ivankas-MacBook-Pro.local" failures="0" tests="1" name="com.class02.SoftAssertionDemo" time="4.571" errors="0" timestamp="2020-01-12T13:20:03 CST" skipped="0">
  <testcase classname="com.class02.SoftAssertionDemo" name="logoAndLogin" time="4.571"/>
</testsuite> <!-- com.class02.SoftAssertionDemo -->
