<?xml version="1.0" encoding="UTF-8"?>
<!-- Generated by org.testng.reporters.JUnitReportReporter -->
<testsuite hostname="Ivankas-MacBook-Pro.local" failures="0" tests="2" name="com.class02.TC_Assertion" time="5.664" errors="0" timestamp="2020-01-12T11:17:33 CST" skipped="1">
  <testcase classname="com.class02.TC_Assertion" name="validationOfLogo" time="5.664"/>
  <testcase classname="com.class02.TC_Assertion" name="validationOfMessage">
    <skipped/>
  </testcase> <!-- validationOfMessage -->
</testsuite> <!-- com.class02.TC_Assertion -->
