<?xml version="1.0" encoding="UTF-8"?>
<!-- Generated by org.testng.reporters.JUnitReportReporter -->
<testsuite hostname="Ivankas-MacBook-Pro.local" failures="0" tests="2" name="com.class02.AssertionsDemo" time="3.929" errors="0" timestamp="2020-01-16T19:34:53 CST" skipped="0">
  <testcase classname="com.class02.AssertionsDemo" name="logoValidation" time="2.005"/>
  <testcase classname="com.class02.AssertionsDemo" name="titleValidation" time="1.924"/>
</testsuite> <!-- com.class02.AssertionsDemo -->
