<?xml version="1.0" encoding="UTF-8"?>
<!-- Generated by org.testng.reporters.JUnitReportReporter -->
<testsuite hostname="Ivankas-MacBook-Pro.local" failures="0" tests="1" name="com.class01.TitleLogoAndLoginVerification" time="5.792" errors="0" timestamp="2020-01-16T19:34:53 CST" skipped="0">
  <testcase classname="com.class01.TitleLogoAndLoginVerification" name="titleValidation" time="5.792"/>
</testsuite> <!-- com.class01.TitleLogoAndLoginVerification -->
