<?xml version="1.0" encoding="UTF-8"?>
<!-- Generated by org.testng.reporters.JUnitReportReporter -->
<testsuite hostname="Ivankas-MacBook-Pro.local" failures="0" tests="2" name="com.class01.Task1" time="0.007" errors="0" timestamp="2020-01-11T13:31:29 CST" skipped="0">
  <testcase classname="com.class01.Task1" name="test1" time="0.005"/>
  <testcase classname="com.class01.Task1" name="test2" time="0.002"/>
</testsuite> <!-- com.class01.Task1 -->
