<?xml version="1.0" encoding="UTF-8"?>
<!-- Generated by org.testng.reporters.JUnitReportReporter -->
<testsuite hostname="Ivankas-MacBook-Pro.local" failures="0" tests="1" name="com.class02.TC_VerifyAddedEmployee" time="14.944" errors="0" timestamp="2020-01-12T12:27:16 CST" skipped="0">
  <testcase classname="com.class02.TC_VerifyAddedEmployee" name="addEmployee" time="14.944"/>
</testsuite> <!-- com.class02.TC_VerifyAddedEmployee -->
