<?xml version="1.0" encoding="UTF-8"?>
<!-- Generated by org.testng.reporters.JUnitReportReporter -->
<testsuite hostname="Ivankas-MacBook-Pro.local" failures="0" tests="2" name="com.class02.HW" time="3.608" errors="0" timestamp="2020-01-12T09:49:59 CST" skipped="1">
  <testcase classname="com.class02.HW" name="validationOfMessage" time="3.608"/>
  <testcase classname="com.class02.HW" name="validationOfLogo">
    <skipped/>
  </testcase> <!-- validationOfLogo -->
</testsuite> <!-- com.class02.HW -->
